<?xml version="1.0" encoding="UTF-8"?>
<!-- Generated by org.testng.reporters.JUnitReportReporter -->
<testsuite hostname="LAPTOP-GAUPM6CM" failures="0" tests="1" name="dec19th.MultipleWindows" time="38.813" errors="0" timestamp="2023-12-19T10:03:47 IST" skipped="0">
  <testcase classname="dec19th.MultipleWindows" name="multipleWindowsTest" time="38.813"/>
</testsuite> <!-- dec19th.MultipleWindows -->
