<?xml version="1.0" encoding="UTF-8"?>
<!-- Generated by org.testng.reporters.JUnitReportReporter -->
<testsuite hostname="LAPTOP-GAUPM6CM" failures="0" tests="1" name="dec20th.AlertHandle" time="9.843" errors="0" timestamp="2023-12-20T09:58:04 IST" skipped="0">
  <testcase classname="dec20th.AlertHandle" name="alertHandleTest" time="9.843"/>
</testsuite> <!-- dec20th.AlertHandle -->
