<?xml version="1.0" encoding="UTF-8"?>
<!-- Generated by org.testng.reporters.JUnitReportReporter -->
<testsuite hostname="LAPTOP-GAUPM6CM" failures="0" tests="1" name="dec15th.TestNgDemo" time="0.008" errors="0" timestamp="2023-12-15T10:09:22 IST" skipped="0">
  <testcase classname="dec15th.TestNgDemo" name="hello" time="0.008"/>
</testsuite> <!-- dec15th.TestNgDemo -->
