<?xml version="1.0" encoding="UTF-8"?>
<!-- Generated by org.testng.reporters.JUnitReportReporter -->
<testsuite hostname="LAPTOP-GAUPM6CM" failures="0" tests="1" name="dec22nd.WaitsDemo3" time="11.241" errors="0" timestamp="2023-12-22T09:51:14 IST" skipped="0">
  <testcase classname="dec22nd.WaitsDemo3" name="waitsTest" time="11.241"/>
</testsuite> <!-- dec22nd.WaitsDemo3 -->
