<?xml version="1.0" encoding="UTF-8"?>
<!-- Generated by org.testng.reporters.JUnitReportReporter -->
<testsuite hostname="LAPTOP-GAUPM6CM" failures="0" tests="1" name="dec21st.LinksTestingPepperFry" time="28.340" errors="0" timestamp="2023-12-21T10:05:56 IST" skipped="0">
  <testcase classname="dec21st.LinksTestingPepperFry" name="linksTest" time="28.340"/>
</testsuite> <!-- dec21st.LinksTestingPepperFry -->
