<?xml version="1.0" encoding="UTF-8"?>
<!-- Generated by org.testng.reporters.JUnitReportReporter -->
<testsuite hostname="LAPTOP-GAUPM6CM" failures="0" tests="1" name="dec21st.ScreenshotDemo2" time="10.403" errors="0" timestamp="2023-12-21T09:28:56 IST" skipped="0">
  <testcase classname="dec21st.ScreenshotDemo2" name="screenshotTest" time="10.403"/>
</testsuite> <!-- dec21st.ScreenshotDemo2 -->
