<?xml version="1.0" encoding="UTF-8"?>
<!-- Generated by org.testng.reporters.JUnitReportReporter -->
<testsuite hostname="LAPTOP-GAUPM6CM" failures="0" tests="1" name="dec19th.MultipleWindows3" time="31.550" errors="0" timestamp="2023-12-19T10:09:07 IST" skipped="0">
  <testcase classname="dec19th.MultipleWindows3" name="multipleWindowsTest" time="31.550"/>
</testsuite> <!-- dec19th.MultipleWindows3 -->
