<?xml version="1.0" encoding="UTF-8"?>
<!-- Generated by org.testng.reporters.JUnitReportReporter -->
<testsuite hostname="LAPTOP-GAUPM6CM" failures="0" tests="1" name="dec23rd.WebTable3" time="38.738" errors="0" timestamp="2023-12-23T09:33:15 IST" skipped="0">
  <testcase classname="dec23rd.WebTable3" name="webTableTest" time="38.738"/>
</testsuite> <!-- dec23rd.WebTable3 -->
