<?xml version="1.0" encoding="UTF-8"?>
<!-- Generated by org.testng.reporters.JUnitReportReporter -->
<testsuite hostname="LAPTOP-GAUPM6CM" failures="0" tests="1" name="dec18th.DragAndDrop" time="6.328" errors="0" timestamp="2023-12-18T10:17:27 IST" skipped="0">
  <testcase classname="dec18th.DragAndDrop" name="mouseHoverTest" time="6.328"/>
</testsuite> <!-- dec18th.DragAndDrop -->
