<?xml version="1.0" encoding="UTF-8"?>
<!-- Generated by org.testng.reporters.JUnitReportReporter -->
<testsuite hostname="LAPTOP-GAUPM6CM" failures="0" tests="1" name="dec22nd.RadioButtons" time="7.442" errors="0" timestamp="2023-12-22T09:58:46 IST" skipped="0">
  <testcase classname="dec22nd.RadioButtons" name="radioButtonTest" time="7.442"/>
</testsuite> <!-- dec22nd.RadioButtons -->
