<?xml version="1.0" encoding="UTF-8"?>
<!-- Generated by org.testng.reporters.JUnitReportReporter -->
<testsuite hostname="LAPTOP-GAUPM6CM" failures="0" tests="1" name="dec22nd.WaitsDemo2" time="11.250" errors="0" timestamp="2023-12-22T09:40:46 IST" skipped="0">
  <testcase classname="dec22nd.WaitsDemo2" name="waitsTest" time="11.250"/>
</testsuite> <!-- dec22nd.WaitsDemo2 -->
