<?xml version="1.0" encoding="UTF-8"?>
<!-- Generated by org.testng.reporters.JUnitReportReporter -->
<testsuite hostname="LAPTOP-GAUPM6CM" failures="0" tests="1" name="dec23rd.WebTable2" time="46.593" errors="0" timestamp="2023-12-23T09:26:43 IST" skipped="0">
  <testcase classname="dec23rd.WebTable2" name="webTableTest" time="46.593"/>
</testsuite> <!-- dec23rd.WebTable2 -->
