<?xml version="1.0" encoding="UTF-8"?>
<!-- Generated by org.testng.reporters.JUnitReportReporter -->
<testsuite hostname="LAPTOP-GAUPM6CM" failures="0" tests="1" name="dec20th.ScreenshotDemo" time="24.025" errors="0" timestamp="2023-12-20T10:17:28 IST" skipped="0">
  <testcase classname="dec20th.ScreenshotDemo" name="screenshotTest" time="24.025"/>
</testsuite> <!-- dec20th.ScreenshotDemo -->
