<?xml version="1.0" encoding="UTF-8"?>
<!-- Generated by org.testng.reporters.JUnitReportReporter -->
<testsuite hostname="LAPTOP-GAUPM6CM" failures="0" tests="1" name="dec21st.JavaScriptDemo1" time="5.981" errors="0" timestamp="2023-12-21T09:49:41 IST" skipped="0">
  <testcase classname="dec21st.JavaScriptDemo1" name="javaScriptTest" time="5.981"/>
</testsuite> <!-- dec21st.JavaScriptDemo1 -->
