<?xml version="1.0" encoding="UTF-8"?>
<!-- Generated by org.testng.reporters.JUnitReportReporter -->
<testsuite hostname="LAPTOP-GAUPM6CM" failures="0" tests="1" name="dec20th.FrameHandle2" time="12.863" errors="0" timestamp="2023-12-20T09:46:43 IST" skipped="0">
  <testcase classname="dec20th.FrameHandle2" name="frameHandleTest" time="12.863"/>
</testsuite> <!-- dec20th.FrameHandle2 -->
