<?xml version="1.0" encoding="UTF-8"?>
<!-- Generated by org.testng.reporters.JUnitReportReporter -->
<testsuite hostname="LAPTOP-GAUPM6CM" failures="0" tests="1" name="dec22nd.RadioButtons2" time="13.699" errors="0" timestamp="2023-12-22T10:05:53 IST" skipped="0">
  <testcase classname="dec22nd.RadioButtons2" name="radioButtonTest" time="13.699"/>
</testsuite> <!-- dec22nd.RadioButtons2 -->
