<?xml version="1.0" encoding="UTF-8"?>
<!-- Generated by org.testng.reporters.JUnitReportReporter -->
<testsuite hostname="LAPTOP-GAUPM6CM" failures="0" tests="1" name="dec21st.JavaScriptDemo2" time="16.708" errors="0" timestamp="2023-12-21T10:17:46 IST" skipped="0">
  <testcase classname="dec21st.JavaScriptDemo2" name="loginTest" time="16.708"/>
</testsuite> <!-- dec21st.JavaScriptDemo2 -->
