<?xml version="1.0" encoding="UTF-8"?>
<!-- Generated by org.testng.reporters.JUnitReportReporter -->
<testsuite hostname="LAPTOP-GAUPM6CM" failures="0" tests="1" name="dec18th.MouserHover" time="10.732" errors="0" timestamp="2023-12-18T10:08:37 IST" skipped="0">
  <testcase classname="dec18th.MouserHover" name="mouseHoverTest" time="10.732"/>
</testsuite> <!-- dec18th.MouserHover -->
